2014-02-06 21:31:40.893 TapasGijon[3911:a0b] Multi-tasking -> Device: YES, App: YES
2014-02-06 21:31:41.720 TapasGijon[3911:a0b] Unlimited access to network resources
2014-02-06 21:31:56.655 TapasGijon[3911:a0b] Resetting plugins due to page load.
2014-02-06 21:32:05.065 TapasGijon[3911:a0b] Finished load of: file:///Users/jcesar/Library/Application%20Support/iPhone%20Simulator/7.0.3/Applications/B0404C16-32F3-4EB4-95B9-E9A04E29320D/TapasGijon.app/www/index.html
2014-02-06 21:33:33.365 TapasGijon[4253:a0b] Multi-tasking -> Device: YES, App: YES
2014-02-06 21:33:33.457 TapasGijon[4253:a0b] Unlimited access to network resources
2014-02-06 21:33:33.795 TapasGijon[4253:a0b] Resetting plugins due to page load.
2014-02-06 21:33:34.451 TapasGijon[4253:a0b] Finished load of: file:///Users/jcesar/Library/Application%20Support/iPhone%20Simulator/7.0.3/Applications/B0404C16-32F3-4EB4-95B9-E9A04E29320D/TapasGijon.app/www/index.html
2014-02-07 21:10:16.165 TapasGijon[1440:c07] Multi-tasking -> Device: YES, App: YES
2014-02-07 21:10:16.206 TapasGijon[1440:c07] Unlimited access to network resources
2014-02-07 21:10:16.405 TapasGijon[1440:c07] Resetting plugins due to page load.
2014-02-07 21:10:16.667 TapasGijon[1440:c07] Finished load of: file:///Users/jcesar/Library/Application%20Support/iPhone%20Simulator/6.1/Applications/4A6FDD0A-F7B6-4072-9F14-87E58A793801/TapasGijon.app/www/index.html
2014-02-07 21:12:44.521 TapasGijon[1792:c07] Multi-tasking -> Device: YES, App: YES
2014-02-07 21:12:44.581 TapasGijon[1792:c07] Unlimited access to network resources
2014-02-07 21:12:44.680 TapasGijon[1792:c07] Resetting plugins due to page load.
2014-02-07 21:12:44.983 TapasGijon[1792:c07] Finished load of: file:///Users/jcesar/Library/Application%20Support/iPhone%20Simulator/6.1/Applications/4A6FDD0A-F7B6-4072-9F14-87E58A793801/TapasGijon.app/www/index.html
2014-02-07 21:15:47.465 TapasGijon[2131:c07] Multi-tasking -> Device: YES, App: YES
2014-02-07 21:15:47.474 TapasGijon[2131:c07] Unlimited access to network resources
2014-02-07 21:15:47.563 TapasGijon[2131:c07] Resetting plugins due to page load.
2014-02-07 21:15:47.725 TapasGijon[2131:c07] Finished load of: file:///Users/jcesar/Library/Application%20Support/iPhone%20Simulator/6.1/Applications/4A6FDD0A-F7B6-4072-9F14-87E58A793801/TapasGijon.app/www/index.html
2014-02-07 21:17:45.647 TapasGijon[2458:c07] Multi-tasking -> Device: YES, App: YES
2014-02-07 21:17:45.677 TapasGijon[2458:c07] Unlimited access to network resources
2014-02-07 21:17:45.757 TapasGijon[2458:c07] Resetting plugins due to page load.
2014-02-07 21:17:45.909 TapasGijon[2458:c07] Finished load of: file:///Users/jcesar/Library/Application%20Support/iPhone%20Simulator/6.1/Applications/4A6FDD0A-F7B6-4072-9F14-87E58A793801/TapasGijon.app/www/index.html
2014-02-07 21:20:02.588 TapasGijon[2791:c07] Multi-tasking -> Device: YES, App: YES
2014-02-07 21:20:02.594 TapasGijon[2791:c07] Unlimited access to network resources
2014-02-07 21:20:02.652 TapasGijon[2791:c07] Resetting plugins due to page load.
2014-02-07 21:20:02.840 TapasGijon[2791:c07] Finished load of: file:///Users/jcesar/Library/Application%20Support/iPhone%20Simulator/6.1/Applications/4A6FDD0A-F7B6-4072-9F14-87E58A793801/TapasGijon.app/www/index.html
2014-02-07 21:22:24.699 TapasGijon[3117:c07] Multi-tasking -> Device: YES, App: YES
2014-02-07 21:22:24.708 TapasGijon[3117:c07] Unlimited access to network resources
2014-02-07 21:22:24.765 TapasGijon[3117:c07] Resetting plugins due to page load.
2014-02-07 21:22:24.951 TapasGijon[3117:c07] Finished load of: file:///Users/jcesar/Library/Application%20Support/iPhone%20Simulator/6.1/Applications/4A6FDD0A-F7B6-4072-9F14-87E58A793801/TapasGijon.app/www/index.html
2014-02-07 21:51:49.652 TapasGijon[3552:c07] Multi-tasking -> Device: YES, App: YES
2014-02-07 21:51:49.709 TapasGijon[3552:c07] Unlimited access to network resources
2014-02-07 21:51:49.759 TapasGijon[3552:c07] Resetting plugins due to page load.
2014-02-07 21:51:49.988 TapasGijon[3552:c07] Finished load of: file:///Users/jcesar/Library/Application%20Support/iPhone%20Simulator/6.1/Applications/4A6FDD0A-F7B6-4072-9F14-87E58A793801/TapasGijon.app/www/index.html
